2019-10-24 12:39:29,550 INFO [org.springframework.test.context.support.DefaultTestContextBootstrapper] - Loaded default TestExecutionListener class names from location [META-INF/spring.factories]: [org.springframework.test.context.web.ServletTestExecutionListener, org.springframework.test.context.support.DirtiesContextBeforeModesTestExecutionListener, org.springframework.test.context.support.DependencyInjectionTestExecutionListener, org.springframework.test.context.support.DirtiesContextTestExecutionListener, org.springframework.test.context.transaction.TransactionalTestExecutionListener, org.springframework.test.context.jdbc.SqlScriptsTestExecutionListener]
2019-10-24 12:39:29,583 INFO [org.springframework.test.context.support.DefaultTestContextBootstrapper] - Using TestExecutionListeners: [org.springframework.test.context.web.ServletTestExecutionListener@55f3ddb1, org.springframework.test.context.support.DirtiesContextBeforeModesTestExecutionListener@8bd1b6a, org.springframework.test.context.support.DependencyInjectionTestExecutionListener@18be83e4, org.springframework.test.context.support.DirtiesContextTestExecutionListener@cb5822, org.springframework.test.context.transaction.TransactionalTestExecutionListener@4b9e13df, org.springframework.test.context.jdbc.SqlScriptsTestExecutionListener@2b98378d]
2019-10-24 12:39:29,715 INFO [org.springframework.beans.factory.xml.XmlBeanDefinitionReader] - Loading XML bean definitions from class path resource [spring-context.xml]
2019-10-24 12:39:30,076 INFO [org.springframework.beans.factory.xml.XmlBeanDefinitionReader] - Loading XML bean definitions from class path resource [spring-context-druid.xml]
2019-10-24 12:39:30,134 INFO [org.springframework.beans.factory.xml.XmlBeanDefinitionReader] - Loading XML bean definitions from class path resource [spring-context-mybatis.xml]
2019-10-24 12:39:30,136 ERROR [org.springframework.test.context.TestContextManager] - Caught exception while allowing TestExecutionListener [org.springframework.test.context.support.DependencyInjectionTestExecutionListener@18be83e4] to prepare test instance [com.ljf.my.shop.web.admin.service.test.TbUserServiceTest@797badd3]
java.lang.IllegalStateException: Failed to load ApplicationContext
	at org.springframework.test.context.cache.DefaultCacheAwareContextLoaderDelegate.loadContext(DefaultCacheAwareContextLoaderDelegate.java:124)
	at org.springframework.test.context.support.DefaultTestContext.getApplicationContext(DefaultTestContext.java:83)
	at org.springframework.test.context.support.DependencyInjectionTestExecutionListener.injectDependencies(DependencyInjectionTestExecutionListener.java:117)
	at org.springframework.test.context.support.DependencyInjectionTestExecutionListener.prepareTestInstance(DependencyInjectionTestExecutionListener.java:83)
	at org.springframework.test.context.TestContextManager.prepareTestInstance(TestContextManager.java:230)
	at org.springframework.test.context.junit4.SpringJUnit4ClassRunner.createTest(SpringJUnit4ClassRunner.java:228)
	at org.springframework.test.context.junit4.SpringJUnit4ClassRunner$1.runReflectiveCall(SpringJUnit4ClassRunner.java:287)
	at org.junit.internal.runners.model.ReflectiveCallable.run(ReflectiveCallable.java:12)
	at org.springframework.test.context.junit4.SpringJUnit4ClassRunner.methodBlock(SpringJUnit4ClassRunner.java:289)
	at org.springframework.test.context.junit4.SpringJUnit4ClassRunner.runChild(SpringJUnit4ClassRunner.java:247)
	at org.springframework.test.context.junit4.SpringJUnit4ClassRunner.runChild(SpringJUnit4ClassRunner.java:94)
	at org.junit.runners.ParentRunner$3.run(ParentRunner.java:290)
	at org.junit.runners.ParentRunner$1.schedule(ParentRunner.java:71)
	at org.junit.runners.ParentRunner.runChildren(ParentRunner.java:288)
	at org.junit.runners.ParentRunner.access$000(ParentRunner.java:58)
	at org.junit.runners.ParentRunner$2.evaluate(ParentRunner.java:268)
	at org.springframework.test.context.junit4.statements.RunBeforeTestClassCallbacks.evaluate(RunBeforeTestClassCallbacks.java:61)
	at org.springframework.test.context.junit4.statements.RunAfterTestClassCallbacks.evaluate(RunAfterTestClassCallbacks.java:70)
	at org.junit.runners.ParentRunner.run(ParentRunner.java:363)
	at org.springframework.test.context.junit4.SpringJUnit4ClassRunner.run(SpringJUnit4ClassRunner.java:191)
	at org.junit.runner.JUnitCore.run(JUnitCore.java:137)
	at com.intellij.junit4.JUnit4IdeaTestRunner.startRunnerWithArgs(JUnit4IdeaTestRunner.java:68)
	at com.intellij.rt.execution.junit.IdeaTestRunner$Repeater.startRunnerWithArgs(IdeaTestRunner.java:47)
	at com.intellij.rt.execution.junit.JUnitStarter.prepareStreamsAndStart(JUnitStarter.java:242)
	at com.intellij.rt.execution.junit.JUnitStarter.main(JUnitStarter.java:70)
Caused by: org.springframework.beans.factory.BeanDefinitionStoreException: IOException parsing XML document from class path resource [spring-context-mybatis.xml]; nested exception is java.io.FileNotFoundException: class path resource [spring-context-mybatis.xml] cannot be opened because it does not exist
	at org.springframework.beans.factory.xml.XmlBeanDefinitionReader.loadBeanDefinitions(XmlBeanDefinitionReader.java:344)
	at org.springframework.beans.factory.xml.XmlBeanDefinitionReader.loadBeanDefinitions(XmlBeanDefinitionReader.java:304)
	at org.springframework.beans.factory.support.AbstractBeanDefinitionReader.loadBeanDefinitions(AbstractBeanDefinitionReader.java:181)
	at org.springframework.beans.factory.support.AbstractBeanDefinitionReader.loadBeanDefinitions(AbstractBeanDefinitionReader.java:217)
	at org.springframework.beans.factory.support.AbstractBeanDefinitionReader.loadBeanDefinitions(AbstractBeanDefinitionReader.java:188)
	at org.springframework.beans.factory.support.AbstractBeanDefinitionReader.loadBeanDefinitions(AbstractBeanDefinitionReader.java:252)
	at org.springframework.test.context.support.AbstractGenericContextLoader.loadBeanDefinitions(AbstractGenericContextLoader.java:257)
	at org.springframework.test.context.support.AbstractGenericContextLoader.loadContext(AbstractGenericContextLoader.java:124)
	at org.springframework.test.context.support.AbstractGenericContextLoader.loadContext(AbstractGenericContextLoader.java:60)
	at org.springframework.test.context.support.AbstractDelegatingSmartContextLoader.delegateLoading(AbstractDelegatingSmartContextLoader.java:108)
	at org.springframework.test.context.support.AbstractDelegatingSmartContextLoader.loadContext(AbstractDelegatingSmartContextLoader.java:251)
	at org.springframework.test.context.cache.DefaultCacheAwareContextLoaderDelegate.loadContextInternal(DefaultCacheAwareContextLoaderDelegate.java:98)
	at org.springframework.test.context.cache.DefaultCacheAwareContextLoaderDelegate.loadContext(DefaultCacheAwareContextLoaderDelegate.java:116)
	... 24 more
Caused by: java.io.FileNotFoundException: class path resource [spring-context-mybatis.xml] cannot be opened because it does not exist
	at org.springframework.core.io.ClassPathResource.getInputStream(ClassPathResource.java:172)
	at org.springframework.beans.factory.xml.XmlBeanDefinitionReader.loadBeanDefinitions(XmlBeanDefinitionReader.java:330)
	... 36 more
2019-10-24 12:41:31,874 INFO [org.springframework.test.context.support.DefaultTestContextBootstrapper] - Loaded default TestExecutionListener class names from location [META-INF/spring.factories]: [org.springframework.test.context.web.ServletTestExecutionListener, org.springframework.test.context.support.DirtiesContextBeforeModesTestExecutionListener, org.springframework.test.context.support.DependencyInjectionTestExecutionListener, org.springframework.test.context.support.DirtiesContextTestExecutionListener, org.springframework.test.context.transaction.TransactionalTestExecutionListener, org.springframework.test.context.jdbc.SqlScriptsTestExecutionListener]
2019-10-24 12:41:31,903 INFO [org.springframework.test.context.support.DefaultTestContextBootstrapper] - Using TestExecutionListeners: [org.springframework.test.context.web.ServletTestExecutionListener@55f3ddb1, org.springframework.test.context.support.DirtiesContextBeforeModesTestExecutionListener@8bd1b6a, org.springframework.test.context.support.DependencyInjectionTestExecutionListener@18be83e4, org.springframework.test.context.support.DirtiesContextTestExecutionListener@cb5822, org.springframework.test.context.transaction.TransactionalTestExecutionListener@4b9e13df, org.springframework.test.context.jdbc.SqlScriptsTestExecutionListener@2b98378d]
2019-10-24 12:41:32,027 INFO [org.springframework.beans.factory.xml.XmlBeanDefinitionReader] - Loading XML bean definitions from class path resource [spring-context.xml]
2019-10-24 12:41:32,261 INFO [org.springframework.beans.factory.xml.XmlBeanDefinitionReader] - Loading XML bean definitions from class path resource [spring-context-druid.xml]
2019-10-24 12:41:32,304 INFO [org.springframework.beans.factory.xml.XmlBeanDefinitionReader] - Loading XML bean definitions from class path resource [spring-context-mybatis.xml]
2019-10-24 12:41:32,318 INFO [org.springframework.context.support.GenericApplicationContext] - Refreshing org.springframework.context.support.GenericApplicationContext@20322d26: startup date [Thu Oct 24 12:41:32 CST 2019]; root of context hierarchy
2019-10-24 12:41:32,467 ERROR [org.springframework.test.context.TestContextManager] - Caught exception while allowing TestExecutionListener [org.springframework.test.context.support.DependencyInjectionTestExecutionListener@18be83e4] to prepare test instance [com.ljf.my.shop.web.admin.service.test.TbUserServiceTest@e056f20]
java.lang.IllegalStateException: Failed to load ApplicationContext
	at org.springframework.test.context.cache.DefaultCacheAwareContextLoaderDelegate.loadContext(DefaultCacheAwareContextLoaderDelegate.java:124)
	at org.springframework.test.context.support.DefaultTestContext.getApplicationContext(DefaultTestContext.java:83)
	at org.springframework.test.context.support.DependencyInjectionTestExecutionListener.injectDependencies(DependencyInjectionTestExecutionListener.java:117)
	at org.springframework.test.context.support.DependencyInjectionTestExecutionListener.prepareTestInstance(DependencyInjectionTestExecutionListener.java:83)
	at org.springframework.test.context.TestContextManager.prepareTestInstance(TestContextManager.java:230)
	at org.springframework.test.context.junit4.SpringJUnit4ClassRunner.createTest(SpringJUnit4ClassRunner.java:228)
	at org.springframework.test.context.junit4.SpringJUnit4ClassRunner$1.runReflectiveCall(SpringJUnit4ClassRunner.java:287)
	at org.junit.internal.runners.model.ReflectiveCallable.run(ReflectiveCallable.java:12)
	at org.springframework.test.context.junit4.SpringJUnit4ClassRunner.methodBlock(SpringJUnit4ClassRunner.java:289)
	at org.springframework.test.context.junit4.SpringJUnit4ClassRunner.runChild(SpringJUnit4ClassRunner.java:247)
	at org.springframework.test.context.junit4.SpringJUnit4ClassRunner.runChild(SpringJUnit4ClassRunner.java:94)
	at org.junit.runners.ParentRunner$3.run(ParentRunner.java:290)
	at org.junit.runners.ParentRunner$1.schedule(ParentRunner.java:71)
	at org.junit.runners.ParentRunner.runChildren(ParentRunner.java:288)
	at org.junit.runners.ParentRunner.access$000(ParentRunner.java:58)
	at org.junit.runners.ParentRunner$2.evaluate(ParentRunner.java:268)
	at org.springframework.test.context.junit4.statements.RunBeforeTestClassCallbacks.evaluate(RunBeforeTestClassCallbacks.java:61)
	at org.springframework.test.context.junit4.statements.RunAfterTestClassCallbacks.evaluate(RunAfterTestClassCallbacks.java:70)
	at org.junit.runners.ParentRunner.run(ParentRunner.java:363)
	at org.springframework.test.context.junit4.SpringJUnit4ClassRunner.run(SpringJUnit4ClassRunner.java:191)
	at org.junit.runner.JUnitCore.run(JUnitCore.java:137)
	at com.intellij.junit4.JUnit4IdeaTestRunner.startRunnerWithArgs(JUnit4IdeaTestRunner.java:68)
	at com.intellij.rt.execution.junit.IdeaTestRunner$Repeater.startRunnerWithArgs(IdeaTestRunner.java:47)
	at com.intellij.rt.execution.junit.JUnitStarter.prepareStreamsAndStart(JUnitStarter.java:242)
	at com.intellij.rt.execution.junit.JUnitStarter.main(JUnitStarter.java:70)
Caused by: org.springframework.context.annotation.ConflictingBeanDefinitionException: Annotation-specified bean name 'userDao' for bean class [com.ljf.my.shop.web.admin.dao.UserDao] conflicts with existing, non-compatible bean definition of same name and class [com.ljf.my.shop.web.admin.dao.impl.UserDaoImpl]
	at org.springframework.context.annotation.ClassPathBeanDefinitionScanner.checkCandidate(ClassPathBeanDefinitionScanner.java:345)
	at org.mybatis.spring.mapper.ClassPathMapperScanner.checkCandidate(ClassPathMapperScanner.java:236)
	at org.springframework.context.annotation.ClassPathBeanDefinitionScanner.doScan(ClassPathBeanDefinitionScanner.java:283)
	at org.mybatis.spring.mapper.ClassPathMapperScanner.doScan(ClassPathMapperScanner.java:163)
	at org.springframework.context.annotation.ClassPathBeanDefinitionScanner.scan(ClassPathBeanDefinitionScanner.java:250)
	at org.mybatis.spring.mapper.MapperScannerConfigurer.postProcessBeanDefinitionRegistry(MapperScannerConfigurer.java:317)
	at org.springframework.context.support.PostProcessorRegistrationDelegate.invokeBeanFactoryPostProcessors(PostProcessorRegistrationDelegate.java:118)
	at org.springframework.context.support.AbstractApplicationContext.invokeBeanFactoryPostProcessors(AbstractApplicationContext.java:687)
	at org.springframework.context.support.AbstractApplicationContext.refresh(AbstractApplicationContext.java:525)
	at org.springframework.test.context.support.AbstractGenericContextLoader.loadContext(AbstractGenericContextLoader.java:128)
	at org.springframework.test.context.support.AbstractGenericContextLoader.loadContext(AbstractGenericContextLoader.java:60)
	at org.springframework.test.context.support.AbstractDelegatingSmartContextLoader.delegateLoading(AbstractDelegatingSmartContextLoader.java:108)
	at org.springframework.test.context.support.AbstractDelegatingSmartContextLoader.loadContext(AbstractDelegatingSmartContextLoader.java:251)
	at org.springframework.test.context.cache.DefaultCacheAwareContextLoaderDelegate.loadContextInternal(DefaultCacheAwareContextLoaderDelegate.java:98)
	at org.springframework.test.context.cache.DefaultCacheAwareContextLoaderDelegate.loadContext(DefaultCacheAwareContextLoaderDelegate.java:116)
	... 24 more
2019-10-24 12:49:41,848 INFO [org.springframework.test.context.support.DefaultTestContextBootstrapper] - Loaded default TestExecutionListener class names from location [META-INF/spring.factories]: [org.springframework.test.context.web.ServletTestExecutionListener, org.springframework.test.context.support.DirtiesContextBeforeModesTestExecutionListener, org.springframework.test.context.support.DependencyInjectionTestExecutionListener, org.springframework.test.context.support.DirtiesContextTestExecutionListener, org.springframework.test.context.transaction.TransactionalTestExecutionListener, org.springframework.test.context.jdbc.SqlScriptsTestExecutionListener]
2019-10-24 12:49:41,872 INFO [org.springframework.test.context.support.DefaultTestContextBootstrapper] - Using TestExecutionListeners: [org.springframework.test.context.web.ServletTestExecutionListener@55f3ddb1, org.springframework.test.context.support.DirtiesContextBeforeModesTestExecutionListener@8bd1b6a, org.springframework.test.context.support.DependencyInjectionTestExecutionListener@18be83e4, org.springframework.test.context.support.DirtiesContextTestExecutionListener@cb5822, org.springframework.test.context.transaction.TransactionalTestExecutionListener@4b9e13df, org.springframework.test.context.jdbc.SqlScriptsTestExecutionListener@2b98378d]
2019-10-24 12:49:41,988 INFO [org.springframework.beans.factory.xml.XmlBeanDefinitionReader] - Loading XML bean definitions from class path resource [spring-context.xml]
2019-10-24 12:49:42,257 INFO [org.springframework.beans.factory.xml.XmlBeanDefinitionReader] - Loading XML bean definitions from class path resource [spring-context-druid.xml]
2019-10-24 12:49:42,296 INFO [org.springframework.beans.factory.xml.XmlBeanDefinitionReader] - Loading XML bean definitions from class path resource [spring-context-mybatis.xml]
2019-10-24 12:49:42,318 INFO [org.springframework.context.support.GenericApplicationContext] - Refreshing org.springframework.context.support.GenericApplicationContext@20322d26: startup date [Thu Oct 24 12:49:42 CST 2019]; root of context hierarchy
2019-10-24 12:49:42,478 ERROR [org.springframework.test.context.TestContextManager] - Caught exception while allowing TestExecutionListener [org.springframework.test.context.support.DependencyInjectionTestExecutionListener@18be83e4] to prepare test instance [com.ljf.my.shop.web.admin.service.test.TbUserServiceTest@4b0b0854]
java.lang.IllegalStateException: Failed to load ApplicationContext
	at org.springframework.test.context.cache.DefaultCacheAwareContextLoaderDelegate.loadContext(DefaultCacheAwareContextLoaderDelegate.java:124)
	at org.springframework.test.context.support.DefaultTestContext.getApplicationContext(DefaultTestContext.java:83)
	at org.springframework.test.context.support.DependencyInjectionTestExecutionListener.injectDependencies(DependencyInjectionTestExecutionListener.java:117)
	at org.springframework.test.context.support.DependencyInjectionTestExecutionListener.prepareTestInstance(DependencyInjectionTestExecutionListener.java:83)
	at org.springframework.test.context.TestContextManager.prepareTestInstance(TestContextManager.java:230)
	at org.springframework.test.context.junit4.SpringJUnit4ClassRunner.createTest(SpringJUnit4ClassRunner.java:228)
	at org.springframework.test.context.junit4.SpringJUnit4ClassRunner$1.runReflectiveCall(SpringJUnit4ClassRunner.java:287)
	at org.junit.internal.runners.model.ReflectiveCallable.run(ReflectiveCallable.java:12)
	at org.springframework.test.context.junit4.SpringJUnit4ClassRunner.methodBlock(SpringJUnit4ClassRunner.java:289)
	at org.springframework.test.context.junit4.SpringJUnit4ClassRunner.runChild(SpringJUnit4ClassRunner.java:247)
	at org.springframework.test.context.junit4.SpringJUnit4ClassRunner.runChild(SpringJUnit4ClassRunner.java:94)
	at org.junit.runners.ParentRunner$3.run(ParentRunner.java:290)
	at org.junit.runners.ParentRunner$1.schedule(ParentRunner.java:71)
	at org.junit.runners.ParentRunner.runChildren(ParentRunner.java:288)
	at org.junit.runners.ParentRunner.access$000(ParentRunner.java:58)
	at org.junit.runners.ParentRunner$2.evaluate(ParentRunner.java:268)
	at org.springframework.test.context.junit4.statements.RunBeforeTestClassCallbacks.evaluate(RunBeforeTestClassCallbacks.java:61)
	at org.springframework.test.context.junit4.statements.RunAfterTestClassCallbacks.evaluate(RunAfterTestClassCallbacks.java:70)
	at org.junit.runners.ParentRunner.run(ParentRunner.java:363)
	at org.springframework.test.context.junit4.SpringJUnit4ClassRunner.run(SpringJUnit4ClassRunner.java:191)
	at org.junit.runner.JUnitCore.run(JUnitCore.java:137)
	at com.intellij.junit4.JUnit4IdeaTestRunner.startRunnerWithArgs(JUnit4IdeaTestRunner.java:68)
	at com.intellij.rt.execution.junit.IdeaTestRunner$Repeater.startRunnerWithArgs(IdeaTestRunner.java:47)
	at com.intellij.rt.execution.junit.JUnitStarter.prepareStreamsAndStart(JUnitStarter.java:242)
	at com.intellij.rt.execution.junit.JUnitStarter.main(JUnitStarter.java:70)
Caused by: org.springframework.context.annotation.ConflictingBeanDefinitionException: Annotation-specified bean name 'userDao' for bean class [com.ljf.my.shop.web.admin.dao.UserDao] conflicts with existing, non-compatible bean definition of same name and class [com.ljf.my.shop.web.admin.dao.impl.UserDaoImpl]
	at org.springframework.context.annotation.ClassPathBeanDefinitionScanner.checkCandidate(ClassPathBeanDefinitionScanner.java:345)
	at org.mybatis.spring.mapper.ClassPathMapperScanner.checkCandidate(ClassPathMapperScanner.java:236)
	at org.springframework.context.annotation.ClassPathBeanDefinitionScanner.doScan(ClassPathBeanDefinitionScanner.java:283)
	at org.mybatis.spring.mapper.ClassPathMapperScanner.doScan(ClassPathMapperScanner.java:163)
	at org.springframework.context.annotation.ClassPathBeanDefinitionScanner.scan(ClassPathBeanDefinitionScanner.java:250)
	at org.mybatis.spring.mapper.MapperScannerConfigurer.postProcessBeanDefinitionRegistry(MapperScannerConfigurer.java:317)
	at org.springframework.context.support.PostProcessorRegistrationDelegate.invokeBeanFactoryPostProcessors(PostProcessorRegistrationDelegate.java:118)
	at org.springframework.context.support.AbstractApplicationContext.invokeBeanFactoryPostProcessors(AbstractApplicationContext.java:687)
	at org.springframework.context.support.AbstractApplicationContext.refresh(AbstractApplicationContext.java:525)
	at org.springframework.test.context.support.AbstractGenericContextLoader.loadContext(AbstractGenericContextLoader.java:128)
	at org.springframework.test.context.support.AbstractGenericContextLoader.loadContext(AbstractGenericContextLoader.java:60)
	at org.springframework.test.context.support.AbstractDelegatingSmartContextLoader.delegateLoading(AbstractDelegatingSmartContextLoader.java:108)
	at org.springframework.test.context.support.AbstractDelegatingSmartContextLoader.loadContext(AbstractDelegatingSmartContextLoader.java:251)
	at org.springframework.test.context.cache.DefaultCacheAwareContextLoaderDelegate.loadContextInternal(DefaultCacheAwareContextLoaderDelegate.java:98)
	at org.springframework.test.context.cache.DefaultCacheAwareContextLoaderDelegate.loadContext(DefaultCacheAwareContextLoaderDelegate.java:116)
	... 24 more
2019-10-24 12:55:53,461 INFO [org.springframework.test.context.support.DefaultTestContextBootstrapper] - Loaded default TestExecutionListener class names from location [META-INF/spring.factories]: [org.springframework.test.context.web.ServletTestExecutionListener, org.springframework.test.context.support.DirtiesContextBeforeModesTestExecutionListener, org.springframework.test.context.support.DependencyInjectionTestExecutionListener, org.springframework.test.context.support.DirtiesContextTestExecutionListener, org.springframework.test.context.transaction.TransactionalTestExecutionListener, org.springframework.test.context.jdbc.SqlScriptsTestExecutionListener]
2019-10-24 12:55:53,487 INFO [org.springframework.test.context.support.DefaultTestContextBootstrapper] - Using TestExecutionListeners: [org.springframework.test.context.web.ServletTestExecutionListener@7219ec67, org.springframework.test.context.support.DirtiesContextBeforeModesTestExecutionListener@45018215, org.springframework.test.context.support.DependencyInjectionTestExecutionListener@65d6b83b, org.springframework.test.context.support.DirtiesContextTestExecutionListener@d706f19, org.springframework.test.context.transaction.TransactionalTestExecutionListener@30b7c004, org.springframework.test.context.jdbc.SqlScriptsTestExecutionListener@79efed2d]
2019-10-24 12:55:53,630 INFO [org.springframework.beans.factory.xml.XmlBeanDefinitionReader] - Loading XML bean definitions from class path resource [spring-context.xml]
2019-10-24 12:55:54,065 INFO [org.springframework.beans.factory.xml.XmlBeanDefinitionReader] - Loading XML bean definitions from class path resource [spring-context-druid.xml]
2019-10-24 12:55:54,140 INFO [org.springframework.beans.factory.xml.XmlBeanDefinitionReader] - Loading XML bean definitions from class path resource [spring-context-mybatis.xml]
2019-10-24 12:55:54,174 INFO [org.springframework.context.support.GenericApplicationContext] - Refreshing org.springframework.context.support.GenericApplicationContext@636be97c: startup date [Thu Oct 24 12:55:54 CST 2019]; root of context hierarchy
2019-10-24 12:55:54,527 ERROR [org.springframework.test.context.TestContextManager] - Caught exception while allowing TestExecutionListener [org.springframework.test.context.support.DependencyInjectionTestExecutionListener@65d6b83b] to prepare test instance [com.ljf.my.shop.web.admin.service.test.TbUserServiceTest@1800a575]
java.lang.IllegalStateException: Failed to load ApplicationContext
	at org.springframework.test.context.cache.DefaultCacheAwareContextLoaderDelegate.loadContext(DefaultCacheAwareContextLoaderDelegate.java:124)
	at org.springframework.test.context.support.DefaultTestContext.getApplicationContext(DefaultTestContext.java:83)
	at org.springframework.test.context.support.DependencyInjectionTestExecutionListener.injectDependencies(DependencyInjectionTestExecutionListener.java:117)
	at org.springframework.test.context.support.DependencyInjectionTestExecutionListener.prepareTestInstance(DependencyInjectionTestExecutionListener.java:83)
	at org.springframework.test.context.TestContextManager.prepareTestInstance(TestContextManager.java:230)
	at org.springframework.test.context.junit4.SpringJUnit4ClassRunner.createTest(SpringJUnit4ClassRunner.java:228)
	at org.springframework.test.context.junit4.SpringJUnit4ClassRunner$1.runReflectiveCall(SpringJUnit4ClassRunner.java:287)
	at org.junit.internal.runners.model.ReflectiveCallable.run(ReflectiveCallable.java:12)
	at org.springframework.test.context.junit4.SpringJUnit4ClassRunner.methodBlock(SpringJUnit4ClassRunner.java:289)
	at org.springframework.test.context.junit4.SpringJUnit4ClassRunner.runChild(SpringJUnit4ClassRunner.java:247)
	at org.springframework.test.context.junit4.SpringJUnit4ClassRunner.runChild(SpringJUnit4ClassRunner.java:94)
	at org.junit.runners.ParentRunner$3.run(ParentRunner.java:290)
	at org.junit.runners.ParentRunner$1.schedule(ParentRunner.java:71)
	at org.junit.runners.ParentRunner.runChildren(ParentRunner.java:288)
	at org.junit.runners.ParentRunner.access$000(ParentRunner.java:58)
	at org.junit.runners.ParentRunner$2.evaluate(ParentRunner.java:268)
	at org.springframework.test.context.junit4.statements.RunBeforeTestClassCallbacks.evaluate(RunBeforeTestClassCallbacks.java:61)
	at org.springframework.test.context.junit4.statements.RunAfterTestClassCallbacks.evaluate(RunAfterTestClassCallbacks.java:70)
	at org.junit.runners.ParentRunner.run(ParentRunner.java:363)
	at org.springframework.test.context.junit4.SpringJUnit4ClassRunner.run(SpringJUnit4ClassRunner.java:191)
	at org.junit.runner.JUnitCore.run(JUnitCore.java:137)
	at com.intellij.junit4.JUnit4IdeaTestRunner.startRunnerWithArgs(JUnit4IdeaTestRunner.java:68)
	at com.intellij.rt.execution.junit.IdeaTestRunner$Repeater.startRunnerWithArgs(IdeaTestRunner.java:47)
	at com.intellij.rt.execution.junit.JUnitStarter.prepareStreamsAndStart(JUnitStarter.java:242)
	at com.intellij.rt.execution.junit.JUnitStarter.main(JUnitStarter.java:70)
Caused by: org.springframework.context.annotation.ConflictingBeanDefinitionException: Annotation-specified bean name 'userDao' for bean class [com.ljf.my.shop.web.admin.dao.UserDao] conflicts with existing, non-compatible bean definition of same name and class [com.ljf.my.shop.web.admin.dao.impl.UserDaoImpl]
	at org.springframework.context.annotation.ClassPathBeanDefinitionScanner.checkCandidate(ClassPathBeanDefinitionScanner.java:345)
	at org.mybatis.spring.mapper.ClassPathMapperScanner.checkCandidate(ClassPathMapperScanner.java:236)
	at org.springframework.context.annotation.ClassPathBeanDefinitionScanner.doScan(ClassPathBeanDefinitionScanner.java:283)
	at org.mybatis.spring.mapper.ClassPathMapperScanner.doScan(ClassPathMapperScanner.java:163)
	at org.springframework.context.annotation.ClassPathBeanDefinitionScanner.scan(ClassPathBeanDefinitionScanner.java:250)
	at org.mybatis.spring.mapper.MapperScannerConfigurer.postProcessBeanDefinitionRegistry(MapperScannerConfigurer.java:317)
	at org.springframework.context.support.PostProcessorRegistrationDelegate.invokeBeanFactoryPostProcessors(PostProcessorRegistrationDelegate.java:118)
	at org.springframework.context.support.AbstractApplicationContext.invokeBeanFactoryPostProcessors(AbstractApplicationContext.java:687)
	at org.springframework.context.support.AbstractApplicationContext.refresh(AbstractApplicationContext.java:525)
	at org.springframework.test.context.support.AbstractGenericContextLoader.loadContext(AbstractGenericContextLoader.java:128)
	at org.springframework.test.context.support.AbstractGenericContextLoader.loadContext(AbstractGenericContextLoader.java:60)
	at org.springframework.test.context.support.AbstractDelegatingSmartContextLoader.delegateLoading(AbstractDelegatingSmartContextLoader.java:108)
	at org.springframework.test.context.support.AbstractDelegatingSmartContextLoader.loadContext(AbstractDelegatingSmartContextLoader.java:251)
	at org.springframework.test.context.cache.DefaultCacheAwareContextLoaderDelegate.loadContextInternal(DefaultCacheAwareContextLoaderDelegate.java:98)
	at org.springframework.test.context.cache.DefaultCacheAwareContextLoaderDelegate.loadContext(DefaultCacheAwareContextLoaderDelegate.java:116)
	... 24 more
2019-10-24 12:56:11,006 INFO [org.springframework.test.context.support.DefaultTestContextBootstrapper] - Loaded default TestExecutionListener class names from location [META-INF/spring.factories]: [org.springframework.test.context.web.ServletTestExecutionListener, org.springframework.test.context.support.DirtiesContextBeforeModesTestExecutionListener, org.springframework.test.context.support.DependencyInjectionTestExecutionListener, org.springframework.test.context.support.DirtiesContextTestExecutionListener, org.springframework.test.context.transaction.TransactionalTestExecutionListener, org.springframework.test.context.jdbc.SqlScriptsTestExecutionListener]
2019-10-24 12:56:11,026 INFO [org.springframework.test.context.support.DefaultTestContextBootstrapper] - Using TestExecutionListeners: [org.springframework.test.context.web.ServletTestExecutionListener@55f3ddb1, org.springframework.test.context.support.DirtiesContextBeforeModesTestExecutionListener@8bd1b6a, org.springframework.test.context.support.DependencyInjectionTestExecutionListener@18be83e4, org.springframework.test.context.support.DirtiesContextTestExecutionListener@cb5822, org.springframework.test.context.transaction.TransactionalTestExecutionListener@4b9e13df, org.springframework.test.context.jdbc.SqlScriptsTestExecutionListener@2b98378d]
2019-10-24 12:56:11,122 INFO [org.springframework.beans.factory.xml.XmlBeanDefinitionReader] - Loading XML bean definitions from class path resource [spring-context.xml]
2019-10-24 12:56:11,337 INFO [org.springframework.beans.factory.xml.XmlBeanDefinitionReader] - Loading XML bean definitions from class path resource [spring-context-druid.xml]
2019-10-24 12:56:11,381 INFO [org.springframework.beans.factory.xml.XmlBeanDefinitionReader] - Loading XML bean definitions from class path resource [spring-context-mybatis.xml]
2019-10-24 12:56:11,399 INFO [org.springframework.context.support.GenericApplicationContext] - Refreshing org.springframework.context.support.GenericApplicationContext@20322d26: startup date [Thu Oct 24 12:56:11 CST 2019]; root of context hierarchy
2019-10-24 12:56:11,548 ERROR [org.springframework.test.context.TestContextManager] - Caught exception while allowing TestExecutionListener [org.springframework.test.context.support.DependencyInjectionTestExecutionListener@18be83e4] to prepare test instance [com.ljf.my.shop.web.admin.service.test.TbUserServiceTest@4b0b0854]
java.lang.IllegalStateException: Failed to load ApplicationContext
	at org.springframework.test.context.cache.DefaultCacheAwareContextLoaderDelegate.loadContext(DefaultCacheAwareContextLoaderDelegate.java:124)
	at org.springframework.test.context.support.DefaultTestContext.getApplicationContext(DefaultTestContext.java:83)
	at org.springframework.test.context.support.DependencyInjectionTestExecutionListener.injectDependencies(DependencyInjectionTestExecutionListener.java:117)
	at org.springframework.test.context.support.DependencyInjectionTestExecutionListener.prepareTestInstance(DependencyInjectionTestExecutionListener.java:83)
	at org.springframework.test.context.TestContextManager.prepareTestInstance(TestContextManager.java:230)
	at org.springframework.test.context.junit4.SpringJUnit4ClassRunner.createTest(SpringJUnit4ClassRunner.java:228)
	at org.springframework.test.context.junit4.SpringJUnit4ClassRunner$1.runReflectiveCall(SpringJUnit4ClassRunner.java:287)
	at org.junit.internal.runners.model.ReflectiveCallable.run(ReflectiveCallable.java:12)
	at org.springframework.test.context.junit4.SpringJUnit4ClassRunner.methodBlock(SpringJUnit4ClassRunner.java:289)
	at org.springframework.test.context.junit4.SpringJUnit4ClassRunner.runChild(SpringJUnit4ClassRunner.java:247)
	at org.springframework.test.context.junit4.SpringJUnit4ClassRunner.runChild(SpringJUnit4ClassRunner.java:94)
	at org.junit.runners.ParentRunner$3.run(ParentRunner.java:290)
	at org.junit.runners.ParentRunner$1.schedule(ParentRunner.java:71)
	at org.junit.runners.ParentRunner.runChildren(ParentRunner.java:288)
	at org.junit.runners.ParentRunner.access$000(ParentRunner.java:58)
	at org.junit.runners.ParentRunner$2.evaluate(ParentRunner.java:268)
	at org.springframework.test.context.junit4.statements.RunBeforeTestClassCallbacks.evaluate(RunBeforeTestClassCallbacks.java:61)
	at org.springframework.test.context.junit4.statements.RunAfterTestClassCallbacks.evaluate(RunAfterTestClassCallbacks.java:70)
	at org.junit.runners.ParentRunner.run(ParentRunner.java:363)
	at org.springframework.test.context.junit4.SpringJUnit4ClassRunner.run(SpringJUnit4ClassRunner.java:191)
	at org.junit.runner.JUnitCore.run(JUnitCore.java:137)
	at com.intellij.junit4.JUnit4IdeaTestRunner.startRunnerWithArgs(JUnit4IdeaTestRunner.java:68)
	at com.intellij.rt.execution.junit.IdeaTestRunner$Repeater.startRunnerWithArgs(IdeaTestRunner.java:47)
	at com.intellij.rt.execution.junit.JUnitStarter.prepareStreamsAndStart(JUnitStarter.java:242)
	at com.intellij.rt.execution.junit.JUnitStarter.main(JUnitStarter.java:70)
Caused by: org.springframework.context.annotation.ConflictingBeanDefinitionException: Annotation-specified bean name 'userDao' for bean class [com.ljf.my.shop.web.admin.dao.UserDao] conflicts with existing, non-compatible bean definition of same name and class [com.ljf.my.shop.web.admin.dao.impl.UserDaoImpl]
	at org.springframework.context.annotation.ClassPathBeanDefinitionScanner.checkCandidate(ClassPathBeanDefinitionScanner.java:345)
	at org.mybatis.spring.mapper.ClassPathMapperScanner.checkCandidate(ClassPathMapperScanner.java:236)
	at org.springframework.context.annotation.ClassPathBeanDefinitionScanner.doScan(ClassPathBeanDefinitionScanner.java:283)
	at org.mybatis.spring.mapper.ClassPathMapperScanner.doScan(ClassPathMapperScanner.java:163)
	at org.springframework.context.annotation.ClassPathBeanDefinitionScanner.scan(ClassPathBeanDefinitionScanner.java:250)
	at org.mybatis.spring.mapper.MapperScannerConfigurer.postProcessBeanDefinitionRegistry(MapperScannerConfigurer.java:317)
	at org.springframework.context.support.PostProcessorRegistrationDelegate.invokeBeanFactoryPostProcessors(PostProcessorRegistrationDelegate.java:118)
	at org.springframework.context.support.AbstractApplicationContext.invokeBeanFactoryPostProcessors(AbstractApplicationContext.java:687)
	at org.springframework.context.support.AbstractApplicationContext.refresh(AbstractApplicationContext.java:525)
	at org.springframework.test.context.support.AbstractGenericContextLoader.loadContext(AbstractGenericContextLoader.java:128)
	at org.springframework.test.context.support.AbstractGenericContextLoader.loadContext(AbstractGenericContextLoader.java:60)
	at org.springframework.test.context.support.AbstractDelegatingSmartContextLoader.delegateLoading(AbstractDelegatingSmartContextLoader.java:108)
	at org.springframework.test.context.support.AbstractDelegatingSmartContextLoader.loadContext(AbstractDelegatingSmartContextLoader.java:251)
	at org.springframework.test.context.cache.DefaultCacheAwareContextLoaderDelegate.loadContextInternal(DefaultCacheAwareContextLoaderDelegate.java:98)
	at org.springframework.test.context.cache.DefaultCacheAwareContextLoaderDelegate.loadContext(DefaultCacheAwareContextLoaderDelegate.java:116)
	... 24 more
2019-10-24 13:03:18,550 INFO [org.springframework.test.context.support.DefaultTestContextBootstrapper] - Loaded default TestExecutionListener class names from location [META-INF/spring.factories]: [org.springframework.test.context.web.ServletTestExecutionListener, org.springframework.test.context.support.DirtiesContextBeforeModesTestExecutionListener, org.springframework.test.context.support.DependencyInjectionTestExecutionListener, org.springframework.test.context.support.DirtiesContextTestExecutionListener, org.springframework.test.context.transaction.TransactionalTestExecutionListener, org.springframework.test.context.jdbc.SqlScriptsTestExecutionListener]
2019-10-24 13:03:18,574 INFO [org.springframework.test.context.support.DefaultTestContextBootstrapper] - Using TestExecutionListeners: [org.springframework.test.context.web.ServletTestExecutionListener@7219ec67, org.springframework.test.context.support.DirtiesContextBeforeModesTestExecutionListener@45018215, org.springframework.test.context.support.DependencyInjectionTestExecutionListener@65d6b83b, org.springframework.test.context.support.DirtiesContextTestExecutionListener@d706f19, org.springframework.test.context.transaction.TransactionalTestExecutionListener@30b7c004, org.springframework.test.context.jdbc.SqlScriptsTestExecutionListener@79efed2d]
2019-10-24 13:03:18,699 INFO [org.springframework.beans.factory.xml.XmlBeanDefinitionReader] - Loading XML bean definitions from class path resource [spring-context.xml]
2019-10-24 13:03:18,984 INFO [org.springframework.beans.factory.xml.XmlBeanDefinitionReader] - Loading XML bean definitions from class path resource [spring-context-druid.xml]
2019-10-24 13:03:19,028 INFO [org.springframework.beans.factory.xml.XmlBeanDefinitionReader] - Loading XML bean definitions from class path resource [spring-context-mybatis.xml]
2019-10-24 13:03:19,057 INFO [org.springframework.context.support.GenericApplicationContext] - Refreshing org.springframework.context.support.GenericApplicationContext@636be97c: startup date [Thu Oct 24 13:03:19 CST 2019]; root of context hierarchy
2019-10-24 13:03:20,123 INFO [com.alibaba.druid.pool.DruidDataSource] - {dataSource-1} inited
2019-10-24 13:03:20,619 INFO [org.springframework.context.support.GenericApplicationContext] - Closing org.springframework.context.support.GenericApplicationContext@636be97c: startup date [Thu Oct 24 13:03:19 CST 2019]; root of context hierarchy
2019-10-24 13:03:20,624 INFO [com.alibaba.druid.pool.DruidDataSource] - {dataSource-1} closed
2019-10-24 13:11:02,992 INFO [org.springframework.test.context.support.DefaultTestContextBootstrapper] - Loaded default TestExecutionListener class names from location [META-INF/spring.factories]: [org.springframework.test.context.web.ServletTestExecutionListener, org.springframework.test.context.support.DirtiesContextBeforeModesTestExecutionListener, org.springframework.test.context.support.DependencyInjectionTestExecutionListener, org.springframework.test.context.support.DirtiesContextTestExecutionListener, org.springframework.test.context.transaction.TransactionalTestExecutionListener, org.springframework.test.context.jdbc.SqlScriptsTestExecutionListener]
2019-10-24 13:11:03,021 INFO [org.springframework.test.context.support.DefaultTestContextBootstrapper] - Using TestExecutionListeners: [org.springframework.test.context.web.ServletTestExecutionListener@55f3ddb1, org.springframework.test.context.support.DirtiesContextBeforeModesTestExecutionListener@8bd1b6a, org.springframework.test.context.support.DependencyInjectionTestExecutionListener@18be83e4, org.springframework.test.context.support.DirtiesContextTestExecutionListener@cb5822, org.springframework.test.context.transaction.TransactionalTestExecutionListener@4b9e13df, org.springframework.test.context.jdbc.SqlScriptsTestExecutionListener@2b98378d]
2019-10-24 13:11:03,145 INFO [org.springframework.beans.factory.xml.XmlBeanDefinitionReader] - Loading XML bean definitions from class path resource [spring-context.xml]
2019-10-24 13:11:03,419 INFO [org.springframework.beans.factory.xml.XmlBeanDefinitionReader] - Loading XML bean definitions from class path resource [spring-context-druid.xml]
2019-10-24 13:11:03,468 INFO [org.springframework.beans.factory.xml.XmlBeanDefinitionReader] - Loading XML bean definitions from class path resource [spring-context-mybatis.xml]
2019-10-24 13:11:03,492 INFO [org.springframework.context.support.GenericApplicationContext] - Refreshing org.springframework.context.support.GenericApplicationContext@20322d26: startup date [Thu Oct 24 13:11:03 CST 2019]; root of context hierarchy
2019-10-24 13:11:04,547 INFO [com.alibaba.druid.pool.DruidDataSource] - {dataSource-1} inited
2019-10-24 13:11:04,984 INFO [org.springframework.context.support.GenericApplicationContext] - Closing org.springframework.context.support.GenericApplicationContext@20322d26: startup date [Thu Oct 24 13:11:03 CST 2019]; root of context hierarchy
2019-10-24 13:11:04,987 INFO [com.alibaba.druid.pool.DruidDataSource] - {dataSource-1} closed
2019-10-24 13:41:44,725 INFO [org.springframework.test.context.support.DefaultTestContextBootstrapper] - Loaded default TestExecutionListener class names from location [META-INF/spring.factories]: [org.springframework.test.context.web.ServletTestExecutionListener, org.springframework.test.context.support.DirtiesContextBeforeModesTestExecutionListener, org.springframework.test.context.support.DependencyInjectionTestExecutionListener, org.springframework.test.context.support.DirtiesContextTestExecutionListener, org.springframework.test.context.transaction.TransactionalTestExecutionListener, org.springframework.test.context.jdbc.SqlScriptsTestExecutionListener]
2019-10-24 13:41:44,757 INFO [org.springframework.test.context.support.DefaultTestContextBootstrapper] - Using TestExecutionListeners: [org.springframework.test.context.web.ServletTestExecutionListener@55f3ddb1, org.springframework.test.context.support.DirtiesContextBeforeModesTestExecutionListener@8bd1b6a, org.springframework.test.context.support.DependencyInjectionTestExecutionListener@18be83e4, org.springframework.test.context.support.DirtiesContextTestExecutionListener@cb5822, org.springframework.test.context.transaction.TransactionalTestExecutionListener@4b9e13df, org.springframework.test.context.jdbc.SqlScriptsTestExecutionListener@2b98378d]
2019-10-24 13:41:44,892 INFO [org.springframework.beans.factory.xml.XmlBeanDefinitionReader] - Loading XML bean definitions from class path resource [spring-context.xml]
2019-10-24 13:41:45,150 INFO [org.springframework.beans.factory.xml.XmlBeanDefinitionReader] - Loading XML bean definitions from class path resource [spring-context-druid.xml]
2019-10-24 13:41:45,195 INFO [org.springframework.beans.factory.xml.XmlBeanDefinitionReader] - Loading XML bean definitions from class path resource [spring-context-mybatis.xml]
2019-10-24 13:41:45,216 INFO [org.springframework.context.support.GenericApplicationContext] - Refreshing org.springframework.context.support.GenericApplicationContext@20322d26: startup date [Thu Oct 24 13:41:45 CST 2019]; root of context hierarchy
2019-10-24 13:41:46,244 INFO [com.alibaba.druid.pool.DruidDataSource] - {dataSource-1} inited
2019-10-24 13:41:46,829 INFO [org.springframework.context.support.GenericApplicationContext] - Closing org.springframework.context.support.GenericApplicationContext@20322d26: startup date [Thu Oct 24 13:41:45 CST 2019]; root of context hierarchy
2019-10-24 13:41:46,834 INFO [com.alibaba.druid.pool.DruidDataSource] - {dataSource-1} closed
2019-10-24 13:44:49,914 INFO [org.springframework.test.context.support.DefaultTestContextBootstrapper] - Loaded default TestExecutionListener class names from location [META-INF/spring.factories]: [org.springframework.test.context.web.ServletTestExecutionListener, org.springframework.test.context.support.DirtiesContextBeforeModesTestExecutionListener, org.springframework.test.context.support.DependencyInjectionTestExecutionListener, org.springframework.test.context.support.DirtiesContextTestExecutionListener, org.springframework.test.context.transaction.TransactionalTestExecutionListener, org.springframework.test.context.jdbc.SqlScriptsTestExecutionListener]
2019-10-24 13:44:49,940 INFO [org.springframework.test.context.support.DefaultTestContextBootstrapper] - Using TestExecutionListeners: [org.springframework.test.context.web.ServletTestExecutionListener@55f3ddb1, org.springframework.test.context.support.DirtiesContextBeforeModesTestExecutionListener@8bd1b6a, org.springframework.test.context.support.DependencyInjectionTestExecutionListener@18be83e4, org.springframework.test.context.support.DirtiesContextTestExecutionListener@cb5822, org.springframework.test.context.transaction.TransactionalTestExecutionListener@4b9e13df, org.springframework.test.context.jdbc.SqlScriptsTestExecutionListener@2b98378d]
2019-10-24 13:44:50,052 INFO [org.springframework.beans.factory.xml.XmlBeanDefinitionReader] - Loading XML bean definitions from class path resource [spring-context.xml]
2019-10-24 13:44:50,306 INFO [org.springframework.beans.factory.xml.XmlBeanDefinitionReader] - Loading XML bean definitions from class path resource [spring-context-druid.xml]
2019-10-24 13:44:50,355 INFO [org.springframework.beans.factory.xml.XmlBeanDefinitionReader] - Loading XML bean definitions from class path resource [spring-context-mybatis.xml]
2019-10-24 13:44:50,375 INFO [org.springframework.context.support.GenericApplicationContext] - Refreshing org.springframework.context.support.GenericApplicationContext@20322d26: startup date [Thu Oct 24 13:44:50 CST 2019]; root of context hierarchy
2019-10-24 13:44:51,431 INFO [com.alibaba.druid.pool.DruidDataSource] - {dataSource-1} inited
2019-10-24 13:44:51,941 INFO [org.springframework.beans.factory.xml.XmlBeanDefinitionReader] - Loading XML bean definitions from class path resource [org/springframework/jdbc/support/sql-error-codes.xml]
2019-10-24 13:44:51,970 INFO [org.springframework.jdbc.support.SQLErrorCodesFactory] - SQLErrorCodes loaded: [DB2, Derby, H2, HSQL, Informix, MS-SQL, MySQL, Oracle, PostgreSQL, Sybase, Hana]
2019-10-24 13:44:51,984 INFO [org.springframework.context.support.GenericApplicationContext] - Closing org.springframework.context.support.GenericApplicationContext@20322d26: startup date [Thu Oct 24 13:44:50 CST 2019]; root of context hierarchy
2019-10-24 13:44:51,988 INFO [com.alibaba.druid.pool.DruidDataSource] - {dataSource-1} closed
2019-10-24 13:58:06,934 INFO [org.springframework.test.context.support.DefaultTestContextBootstrapper] - Loaded default TestExecutionListener class names from location [META-INF/spring.factories]: [org.springframework.test.context.web.ServletTestExecutionListener, org.springframework.test.context.support.DirtiesContextBeforeModesTestExecutionListener, org.springframework.test.context.support.DependencyInjectionTestExecutionListener, org.springframework.test.context.support.DirtiesContextTestExecutionListener, org.springframework.test.context.transaction.TransactionalTestExecutionListener, org.springframework.test.context.jdbc.SqlScriptsTestExecutionListener]
2019-10-24 13:58:06,961 INFO [org.springframework.test.context.support.DefaultTestContextBootstrapper] - Using TestExecutionListeners: [org.springframework.test.context.web.ServletTestExecutionListener@55f3ddb1, org.springframework.test.context.support.DirtiesContextBeforeModesTestExecutionListener@8bd1b6a, org.springframework.test.context.support.DependencyInjectionTestExecutionListener@18be83e4, org.springframework.test.context.support.DirtiesContextTestExecutionListener@cb5822, org.springframework.test.context.transaction.TransactionalTestExecutionListener@4b9e13df, org.springframework.test.context.jdbc.SqlScriptsTestExecutionListener@2b98378d]
2019-10-24 13:58:07,056 INFO [org.springframework.beans.factory.xml.XmlBeanDefinitionReader] - Loading XML bean definitions from class path resource [spring-context.xml]
2019-10-24 13:58:07,285 INFO [org.springframework.beans.factory.xml.XmlBeanDefinitionReader] - Loading XML bean definitions from class path resource [spring-context-druid.xml]
2019-10-24 13:58:07,337 INFO [org.springframework.beans.factory.xml.XmlBeanDefinitionReader] - Loading XML bean definitions from class path resource [spring-context-mybatis.xml]
2019-10-24 13:58:07,362 INFO [org.springframework.context.support.GenericApplicationContext] - Refreshing org.springframework.context.support.GenericApplicationContext@20322d26: startup date [Thu Oct 24 13:58:07 CST 2019]; root of context hierarchy
2019-10-24 13:58:08,284 INFO [com.alibaba.druid.pool.DruidDataSource] - {dataSource-1} inited
2019-10-24 13:58:08,711 INFO [org.springframework.beans.factory.xml.XmlBeanDefinitionReader] - Loading XML bean definitions from class path resource [org/springframework/jdbc/support/sql-error-codes.xml]
2019-10-24 13:58:08,738 INFO [org.springframework.jdbc.support.SQLErrorCodesFactory] - SQLErrorCodes loaded: [DB2, Derby, H2, HSQL, Informix, MS-SQL, MySQL, Oracle, PostgreSQL, Sybase, Hana]
2019-10-24 13:58:08,752 INFO [org.springframework.context.support.GenericApplicationContext] - Closing org.springframework.context.support.GenericApplicationContext@20322d26: startup date [Thu Oct 24 13:58:07 CST 2019]; root of context hierarchy
2019-10-24 13:58:08,756 INFO [com.alibaba.druid.pool.DruidDataSource] - {dataSource-1} closed
2019-10-24 13:58:56,390 INFO [org.springframework.test.context.support.DefaultTestContextBootstrapper] - Loaded default TestExecutionListener class names from location [META-INF/spring.factories]: [org.springframework.test.context.web.ServletTestExecutionListener, org.springframework.test.context.support.DirtiesContextBeforeModesTestExecutionListener, org.springframework.test.context.support.DependencyInjectionTestExecutionListener, org.springframework.test.context.support.DirtiesContextTestExecutionListener, org.springframework.test.context.transaction.TransactionalTestExecutionListener, org.springframework.test.context.jdbc.SqlScriptsTestExecutionListener]
2019-10-24 13:58:56,414 INFO [org.springframework.test.context.support.DefaultTestContextBootstrapper] - Using TestExecutionListeners: [org.springframework.test.context.web.ServletTestExecutionListener@55f3ddb1, org.springframework.test.context.support.DirtiesContextBeforeModesTestExecutionListener@8bd1b6a, org.springframework.test.context.support.DependencyInjectionTestExecutionListener@18be83e4, org.springframework.test.context.support.DirtiesContextTestExecutionListener@cb5822, org.springframework.test.context.transaction.TransactionalTestExecutionListener@4b9e13df, org.springframework.test.context.jdbc.SqlScriptsTestExecutionListener@2b98378d]
2019-10-24 13:58:56,516 INFO [org.springframework.beans.factory.xml.XmlBeanDefinitionReader] - Loading XML bean definitions from class path resource [spring-context.xml]
2019-10-24 13:58:56,763 INFO [org.springframework.beans.factory.xml.XmlBeanDefinitionReader] - Loading XML bean definitions from class path resource [spring-context-druid.xml]
2019-10-24 13:58:56,810 INFO [org.springframework.beans.factory.xml.XmlBeanDefinitionReader] - Loading XML bean definitions from class path resource [spring-context-mybatis.xml]
2019-10-24 13:58:56,836 INFO [org.springframework.context.support.GenericApplicationContext] - Refreshing org.springframework.context.support.GenericApplicationContext@20322d26: startup date [Thu Oct 24 13:58:56 CST 2019]; root of context hierarchy
2019-10-24 13:58:57,734 INFO [com.alibaba.druid.pool.DruidDataSource] - {dataSource-1} inited
2019-10-24 13:58:58,155 INFO [org.springframework.beans.factory.xml.XmlBeanDefinitionReader] - Loading XML bean definitions from class path resource [org/springframework/jdbc/support/sql-error-codes.xml]
2019-10-24 13:58:58,182 INFO [org.springframework.jdbc.support.SQLErrorCodesFactory] - SQLErrorCodes loaded: [DB2, Derby, H2, HSQL, Informix, MS-SQL, MySQL, Oracle, PostgreSQL, Sybase, Hana]
2019-10-24 13:58:58,193 INFO [org.springframework.context.support.GenericApplicationContext] - Closing org.springframework.context.support.GenericApplicationContext@20322d26: startup date [Thu Oct 24 13:58:56 CST 2019]; root of context hierarchy
2019-10-24 13:58:58,198 INFO [com.alibaba.druid.pool.DruidDataSource] - {dataSource-1} closed
2019-10-24 13:59:33,926 INFO [org.springframework.test.context.support.DefaultTestContextBootstrapper] - Loaded default TestExecutionListener class names from location [META-INF/spring.factories]: [org.springframework.test.context.web.ServletTestExecutionListener, org.springframework.test.context.support.DirtiesContextBeforeModesTestExecutionListener, org.springframework.test.context.support.DependencyInjectionTestExecutionListener, org.springframework.test.context.support.DirtiesContextTestExecutionListener, org.springframework.test.context.transaction.TransactionalTestExecutionListener, org.springframework.test.context.jdbc.SqlScriptsTestExecutionListener]
2019-10-24 13:59:33,956 INFO [org.springframework.test.context.support.DefaultTestContextBootstrapper] - Using TestExecutionListeners: [org.springframework.test.context.web.ServletTestExecutionListener@55f3ddb1, org.springframework.test.context.support.DirtiesContextBeforeModesTestExecutionListener@8bd1b6a, org.springframework.test.context.support.DependencyInjectionTestExecutionListener@18be83e4, org.springframework.test.context.support.DirtiesContextTestExecutionListener@cb5822, org.springframework.test.context.transaction.TransactionalTestExecutionListener@4b9e13df, org.springframework.test.context.jdbc.SqlScriptsTestExecutionListener@2b98378d]
2019-10-24 13:59:34,078 INFO [org.springframework.beans.factory.xml.XmlBeanDefinitionReader] - Loading XML bean definitions from class path resource [spring-context.xml]
2019-10-24 13:59:34,351 INFO [org.springframework.beans.factory.xml.XmlBeanDefinitionReader] - Loading XML bean definitions from class path resource [spring-context-druid.xml]
2019-10-24 13:59:34,400 INFO [org.springframework.beans.factory.xml.XmlBeanDefinitionReader] - Loading XML bean definitions from class path resource [spring-context-mybatis.xml]
2019-10-24 13:59:34,424 INFO [org.springframework.context.support.GenericApplicationContext] - Refreshing org.springframework.context.support.GenericApplicationContext@20322d26: startup date [Thu Oct 24 13:59:34 CST 2019]; root of context hierarchy
2019-10-24 13:59:35,347 INFO [com.alibaba.druid.pool.DruidDataSource] - {dataSource-1} inited
2019-10-24 13:59:35,768 INFO [org.springframework.context.support.GenericApplicationContext] - Closing org.springframework.context.support.GenericApplicationContext@20322d26: startup date [Thu Oct 24 13:59:34 CST 2019]; root of context hierarchy
2019-10-24 13:59:35,771 INFO [com.alibaba.druid.pool.DruidDataSource] - {dataSource-1} closed
2019-10-24 14:04:38,227 INFO [org.springframework.test.context.support.DefaultTestContextBootstrapper] - Loaded default TestExecutionListener class names from location [META-INF/spring.factories]: [org.springframework.test.context.web.ServletTestExecutionListener, org.springframework.test.context.support.DirtiesContextBeforeModesTestExecutionListener, org.springframework.test.context.support.DependencyInjectionTestExecutionListener, org.springframework.test.context.support.DirtiesContextTestExecutionListener, org.springframework.test.context.transaction.TransactionalTestExecutionListener, org.springframework.test.context.jdbc.SqlScriptsTestExecutionListener]
2019-10-24 14:04:38,255 INFO [org.springframework.test.context.support.DefaultTestContextBootstrapper] - Using TestExecutionListeners: [org.springframework.test.context.web.ServletTestExecutionListener@55f3ddb1, org.springframework.test.context.support.DirtiesContextBeforeModesTestExecutionListener@8bd1b6a, org.springframework.test.context.support.DependencyInjectionTestExecutionListener@18be83e4, org.springframework.test.context.support.DirtiesContextTestExecutionListener@cb5822, org.springframework.test.context.transaction.TransactionalTestExecutionListener@4b9e13df, org.springframework.test.context.jdbc.SqlScriptsTestExecutionListener@2b98378d]
2019-10-24 14:04:38,378 INFO [org.springframework.beans.factory.xml.XmlBeanDefinitionReader] - Loading XML bean definitions from class path resource [spring-context.xml]
2019-10-24 14:04:38,618 INFO [org.springframework.beans.factory.xml.XmlBeanDefinitionReader] - Loading XML bean definitions from class path resource [spring-context-druid.xml]
2019-10-24 14:04:38,660 INFO [org.springframework.beans.factory.xml.XmlBeanDefinitionReader] - Loading XML bean definitions from class path resource [spring-context-mybatis.xml]
2019-10-24 14:04:38,680 INFO [org.springframework.context.support.GenericApplicationContext] - Refreshing org.springframework.context.support.GenericApplicationContext@20322d26: startup date [Thu Oct 24 14:04:38 CST 2019]; root of context hierarchy
2019-10-24 14:04:39,753 INFO [com.alibaba.druid.pool.DruidDataSource] - {dataSource-1} inited
2019-10-24 14:04:40,267 INFO [org.springframework.context.support.GenericApplicationContext] - Closing org.springframework.context.support.GenericApplicationContext@20322d26: startup date [Thu Oct 24 14:04:38 CST 2019]; root of context hierarchy
2019-10-24 14:04:40,272 INFO [com.alibaba.druid.pool.DruidDataSource] - {dataSource-1} closed
2019-10-24 14:07:55,943 INFO [org.springframework.test.context.support.DefaultTestContextBootstrapper] - Loaded default TestExecutionListener class names from location [META-INF/spring.factories]: [org.springframework.test.context.web.ServletTestExecutionListener, org.springframework.test.context.support.DirtiesContextBeforeModesTestExecutionListener, org.springframework.test.context.support.DependencyInjectionTestExecutionListener, org.springframework.test.context.support.DirtiesContextTestExecutionListener, org.springframework.test.context.transaction.TransactionalTestExecutionListener, org.springframework.test.context.jdbc.SqlScriptsTestExecutionListener]
2019-10-24 14:07:55,973 INFO [org.springframework.test.context.support.DefaultTestContextBootstrapper] - Using TestExecutionListeners: [org.springframework.test.context.web.ServletTestExecutionListener@55f3ddb1, org.springframework.test.context.support.DirtiesContextBeforeModesTestExecutionListener@8bd1b6a, org.springframework.test.context.support.DependencyInjectionTestExecutionListener@18be83e4, org.springframework.test.context.support.DirtiesContextTestExecutionListener@cb5822, org.springframework.test.context.transaction.TransactionalTestExecutionListener@4b9e13df, org.springframework.test.context.jdbc.SqlScriptsTestExecutionListener@2b98378d]
2019-10-24 14:07:56,084 INFO [org.springframework.beans.factory.xml.XmlBeanDefinitionReader] - Loading XML bean definitions from class path resource [spring-context.xml]
2019-10-24 14:07:56,381 INFO [org.springframework.beans.factory.xml.XmlBeanDefinitionReader] - Loading XML bean definitions from class path resource [spring-context-druid.xml]
2019-10-24 14:07:56,434 INFO [org.springframework.beans.factory.xml.XmlBeanDefinitionReader] - Loading XML bean definitions from class path resource [spring-context-mybatis.xml]
2019-10-24 14:07:56,459 INFO [org.springframework.context.support.GenericApplicationContext] - Refreshing org.springframework.context.support.GenericApplicationContext@20322d26: startup date [Thu Oct 24 14:07:56 CST 2019]; root of context hierarchy
2019-10-24 14:07:57,585 INFO [com.alibaba.druid.pool.DruidDataSource] - {dataSource-1} inited
2019-10-24 14:07:58,209 INFO [org.springframework.context.support.GenericApplicationContext] - Closing org.springframework.context.support.GenericApplicationContext@20322d26: startup date [Thu Oct 24 14:07:56 CST 2019]; root of context hierarchy
2019-10-24 14:07:58,213 INFO [com.alibaba.druid.pool.DruidDataSource] - {dataSource-1} closed
2019-10-24 14:16:44,381 INFO [org.springframework.test.context.support.DefaultTestContextBootstrapper] - Loaded default TestExecutionListener class names from location [META-INF/spring.factories]: [org.springframework.test.context.web.ServletTestExecutionListener, org.springframework.test.context.support.DirtiesContextBeforeModesTestExecutionListener, org.springframework.test.context.support.DependencyInjectionTestExecutionListener, org.springframework.test.context.support.DirtiesContextTestExecutionListener, org.springframework.test.context.transaction.TransactionalTestExecutionListener, org.springframework.test.context.jdbc.SqlScriptsTestExecutionListener]
2019-10-24 14:16:44,411 INFO [org.springframework.test.context.support.DefaultTestContextBootstrapper] - Using TestExecutionListeners: [org.springframework.test.context.web.ServletTestExecutionListener@55f3ddb1, org.springframework.test.context.support.DirtiesContextBeforeModesTestExecutionListener@8bd1b6a, org.springframework.test.context.support.DependencyInjectionTestExecutionListener@18be83e4, org.springframework.test.context.support.DirtiesContextTestExecutionListener@cb5822, org.springframework.test.context.transaction.TransactionalTestExecutionListener@4b9e13df, org.springframework.test.context.jdbc.SqlScriptsTestExecutionListener@2b98378d]
2019-10-24 14:16:44,515 INFO [org.springframework.beans.factory.xml.XmlBeanDefinitionReader] - Loading XML bean definitions from class path resource [spring-context.xml]
2019-10-24 14:16:44,764 INFO [org.springframework.beans.factory.xml.XmlBeanDefinitionReader] - Loading XML bean definitions from class path resource [spring-context-druid.xml]
2019-10-24 14:16:44,810 INFO [org.springframework.beans.factory.xml.XmlBeanDefinitionReader] - Loading XML bean definitions from class path resource [spring-context-mybatis.xml]
2019-10-24 14:16:44,829 INFO [org.springframework.context.support.GenericApplicationContext] - Refreshing org.springframework.context.support.GenericApplicationContext@20322d26: startup date [Thu Oct 24 14:16:44 CST 2019]; root of context hierarchy
2019-10-24 14:16:45,868 INFO [com.alibaba.druid.pool.DruidDataSource] - {dataSource-1} inited
2019-10-24 14:16:46,573 INFO [org.springframework.context.support.GenericApplicationContext] - Closing org.springframework.context.support.GenericApplicationContext@20322d26: startup date [Thu Oct 24 14:16:44 CST 2019]; root of context hierarchy
2019-10-24 14:16:46,579 INFO [com.alibaba.druid.pool.DruidDataSource] - {dataSource-1} closed
2019-10-24 14:19:29,065 INFO [org.springframework.test.context.support.DefaultTestContextBootstrapper] - Loaded default TestExecutionListener class names from location [META-INF/spring.factories]: [org.springframework.test.context.web.ServletTestExecutionListener, org.springframework.test.context.support.DirtiesContextBeforeModesTestExecutionListener, org.springframework.test.context.support.DependencyInjectionTestExecutionListener, org.springframework.test.context.support.DirtiesContextTestExecutionListener, org.springframework.test.context.transaction.TransactionalTestExecutionListener, org.springframework.test.context.jdbc.SqlScriptsTestExecutionListener]
2019-10-24 14:19:29,086 INFO [org.springframework.test.context.support.DefaultTestContextBootstrapper] - Using TestExecutionListeners: [org.springframework.test.context.web.ServletTestExecutionListener@55f3ddb1, org.springframework.test.context.support.DirtiesContextBeforeModesTestExecutionListener@8bd1b6a, org.springframework.test.context.support.DependencyInjectionTestExecutionListener@18be83e4, org.springframework.test.context.support.DirtiesContextTestExecutionListener@cb5822, org.springframework.test.context.transaction.TransactionalTestExecutionListener@4b9e13df, org.springframework.test.context.jdbc.SqlScriptsTestExecutionListener@2b98378d]
2019-10-24 14:19:29,183 INFO [org.springframework.beans.factory.xml.XmlBeanDefinitionReader] - Loading XML bean definitions from class path resource [spring-context.xml]
2019-10-24 14:19:29,409 INFO [org.springframework.beans.factory.xml.XmlBeanDefinitionReader] - Loading XML bean definitions from class path resource [spring-context-druid.xml]
2019-10-24 14:19:29,463 INFO [org.springframework.beans.factory.xml.XmlBeanDefinitionReader] - Loading XML bean definitions from class path resource [spring-context-mybatis.xml]
2019-10-24 14:19:29,488 INFO [org.springframework.context.support.GenericApplicationContext] - Refreshing org.springframework.context.support.GenericApplicationContext@20322d26: startup date [Thu Oct 24 14:19:29 CST 2019]; root of context hierarchy
2019-10-24 14:19:30,531 INFO [com.alibaba.druid.pool.DruidDataSource] - {dataSource-1} inited
2019-10-24 14:19:31,040 INFO [org.springframework.context.support.GenericApplicationContext] - Closing org.springframework.context.support.GenericApplicationContext@20322d26: startup date [Thu Oct 24 14:19:29 CST 2019]; root of context hierarchy
2019-10-24 14:19:31,044 INFO [com.alibaba.druid.pool.DruidDataSource] - {dataSource-1} closed
2019-10-24 14:28:12,859 INFO [org.springframework.test.context.support.DefaultTestContextBootstrapper] - Loaded default TestExecutionListener class names from location [META-INF/spring.factories]: [org.springframework.test.context.web.ServletTestExecutionListener, org.springframework.test.context.support.DirtiesContextBeforeModesTestExecutionListener, org.springframework.test.context.support.DependencyInjectionTestExecutionListener, org.springframework.test.context.support.DirtiesContextTestExecutionListener, org.springframework.test.context.transaction.TransactionalTestExecutionListener, org.springframework.test.context.jdbc.SqlScriptsTestExecutionListener]
2019-10-24 14:28:12,887 INFO [org.springframework.test.context.support.DefaultTestContextBootstrapper] - Using TestExecutionListeners: [org.springframework.test.context.web.ServletTestExecutionListener@55f3ddb1, org.springframework.test.context.support.DirtiesContextBeforeModesTestExecutionListener@8bd1b6a, org.springframework.test.context.support.DependencyInjectionTestExecutionListener@18be83e4, org.springframework.test.context.support.DirtiesContextTestExecutionListener@cb5822, org.springframework.test.context.transaction.TransactionalTestExecutionListener@4b9e13df, org.springframework.test.context.jdbc.SqlScriptsTestExecutionListener@2b98378d]
2019-10-24 14:28:13,000 INFO [org.springframework.beans.factory.xml.XmlBeanDefinitionReader] - Loading XML bean definitions from class path resource [spring-context.xml]
2019-10-24 14:28:13,303 INFO [org.springframework.beans.factory.xml.XmlBeanDefinitionReader] - Loading XML bean definitions from class path resource [spring-context-druid.xml]
2019-10-24 14:28:13,346 INFO [org.springframework.beans.factory.xml.XmlBeanDefinitionReader] - Loading XML bean definitions from class path resource [spring-context-mybatis.xml]
2019-10-24 14:28:13,362 INFO [org.springframework.context.support.GenericApplicationContext] - Refreshing org.springframework.context.support.GenericApplicationContext@20322d26: startup date [Thu Oct 24 14:28:13 CST 2019]; root of context hierarchy
2019-10-24 14:28:14,385 INFO [com.alibaba.druid.pool.DruidDataSource] - {dataSource-1} inited
2019-10-24 14:28:15,004 INFO [org.springframework.context.support.GenericApplicationContext] - Closing org.springframework.context.support.GenericApplicationContext@20322d26: startup date [Thu Oct 24 14:28:13 CST 2019]; root of context hierarchy
2019-10-24 14:28:15,008 INFO [com.alibaba.druid.pool.DruidDataSource] - {dataSource-1} closed
2019-10-24 14:30:48,070 INFO [org.springframework.test.context.support.DefaultTestContextBootstrapper] - Loaded default TestExecutionListener class names from location [META-INF/spring.factories]: [org.springframework.test.context.web.ServletTestExecutionListener, org.springframework.test.context.support.DirtiesContextBeforeModesTestExecutionListener, org.springframework.test.context.support.DependencyInjectionTestExecutionListener, org.springframework.test.context.support.DirtiesContextTestExecutionListener, org.springframework.test.context.transaction.TransactionalTestExecutionListener, org.springframework.test.context.jdbc.SqlScriptsTestExecutionListener]
2019-10-24 14:30:48,097 INFO [org.springframework.test.context.support.DefaultTestContextBootstrapper] - Using TestExecutionListeners: [org.springframework.test.context.web.ServletTestExecutionListener@55f3ddb1, org.springframework.test.context.support.DirtiesContextBeforeModesTestExecutionListener@8bd1b6a, org.springframework.test.context.support.DependencyInjectionTestExecutionListener@18be83e4, org.springframework.test.context.support.DirtiesContextTestExecutionListener@cb5822, org.springframework.test.context.transaction.TransactionalTestExecutionListener@4b9e13df, org.springframework.test.context.jdbc.SqlScriptsTestExecutionListener@2b98378d]
2019-10-24 14:30:48,202 INFO [org.springframework.beans.factory.xml.XmlBeanDefinitionReader] - Loading XML bean definitions from class path resource [spring-context.xml]
2019-10-24 14:30:48,469 INFO [org.springframework.beans.factory.xml.XmlBeanDefinitionReader] - Loading XML bean definitions from class path resource [spring-context-druid.xml]
2019-10-24 14:30:48,541 INFO [org.springframework.beans.factory.xml.XmlBeanDefinitionReader] - Loading XML bean definitions from class path resource [spring-context-mybatis.xml]
2019-10-24 14:30:48,571 INFO [org.springframework.context.support.GenericApplicationContext] - Refreshing org.springframework.context.support.GenericApplicationContext@20322d26: startup date [Thu Oct 24 14:30:48 CST 2019]; root of context hierarchy
2019-10-24 14:30:49,712 INFO [com.alibaba.druid.pool.DruidDataSource] - {dataSource-1} inited
2019-10-24 14:30:50,167 INFO [org.springframework.context.support.GenericApplicationContext] - Closing org.springframework.context.support.GenericApplicationContext@20322d26: startup date [Thu Oct 24 14:30:48 CST 2019]; root of context hierarchy
2019-10-24 14:30:50,171 INFO [com.alibaba.druid.pool.DruidDataSource] - {dataSource-1} closed
2019-10-24 14:30:56,410 INFO [org.springframework.test.context.support.DefaultTestContextBootstrapper] - Loaded default TestExecutionListener class names from location [META-INF/spring.factories]: [org.springframework.test.context.web.ServletTestExecutionListener, org.springframework.test.context.support.DirtiesContextBeforeModesTestExecutionListener, org.springframework.test.context.support.DependencyInjectionTestExecutionListener, org.springframework.test.context.support.DirtiesContextTestExecutionListener, org.springframework.test.context.transaction.TransactionalTestExecutionListener, org.springframework.test.context.jdbc.SqlScriptsTestExecutionListener]
2019-10-24 14:30:56,437 INFO [org.springframework.test.context.support.DefaultTestContextBootstrapper] - Using TestExecutionListeners: [org.springframework.test.context.web.ServletTestExecutionListener@55f3ddb1, org.springframework.test.context.support.DirtiesContextBeforeModesTestExecutionListener@8bd1b6a, org.springframework.test.context.support.DependencyInjectionTestExecutionListener@18be83e4, org.springframework.test.context.support.DirtiesContextTestExecutionListener@cb5822, org.springframework.test.context.transaction.TransactionalTestExecutionListener@4b9e13df, org.springframework.test.context.jdbc.SqlScriptsTestExecutionListener@2b98378d]
2019-10-24 14:30:56,541 INFO [org.springframework.beans.factory.xml.XmlBeanDefinitionReader] - Loading XML bean definitions from class path resource [spring-context.xml]
2019-10-24 14:30:56,787 INFO [org.springframework.beans.factory.xml.XmlBeanDefinitionReader] - Loading XML bean definitions from class path resource [spring-context-druid.xml]
2019-10-24 14:30:56,830 INFO [org.springframework.beans.factory.xml.XmlBeanDefinitionReader] - Loading XML bean definitions from class path resource [spring-context-mybatis.xml]
2019-10-24 14:30:56,849 INFO [org.springframework.context.support.GenericApplicationContext] - Refreshing org.springframework.context.support.GenericApplicationContext@20322d26: startup date [Thu Oct 24 14:30:56 CST 2019]; root of context hierarchy
2019-10-24 14:30:57,858 INFO [com.alibaba.druid.pool.DruidDataSource] - {dataSource-1} inited
2019-10-24 14:30:58,338 INFO [org.springframework.context.support.GenericApplicationContext] - Closing org.springframework.context.support.GenericApplicationContext@20322d26: startup date [Thu Oct 24 14:30:56 CST 2019]; root of context hierarchy
2019-10-24 14:30:58,343 INFO [com.alibaba.druid.pool.DruidDataSource] - {dataSource-1} closed
2019-10-24 16:33:29,116 INFO [org.springframework.test.context.support.DefaultTestContextBootstrapper] - Loaded default TestExecutionListener class names from location [META-INF/spring.factories]: [org.springframework.test.context.web.ServletTestExecutionListener, org.springframework.test.context.support.DirtiesContextBeforeModesTestExecutionListener, org.springframework.test.context.support.DependencyInjectionTestExecutionListener, org.springframework.test.context.support.DirtiesContextTestExecutionListener, org.springframework.test.context.transaction.TransactionalTestExecutionListener, org.springframework.test.context.jdbc.SqlScriptsTestExecutionListener]
2019-10-24 16:33:29,145 INFO [org.springframework.test.context.support.DefaultTestContextBootstrapper] - Using TestExecutionListeners: [org.springframework.test.context.web.ServletTestExecutionListener@55f3ddb1, org.springframework.test.context.support.DirtiesContextBeforeModesTestExecutionListener@8bd1b6a, org.springframework.test.context.support.DependencyInjectionTestExecutionListener@18be83e4, org.springframework.test.context.support.DirtiesContextTestExecutionListener@cb5822, org.springframework.test.context.transaction.TransactionalTestExecutionListener@4b9e13df, org.springframework.test.context.jdbc.SqlScriptsTestExecutionListener@2b98378d]
2019-10-24 16:33:29,270 INFO [org.springframework.beans.factory.xml.XmlBeanDefinitionReader] - Loading XML bean definitions from class path resource [spring-context.xml]
2019-10-24 16:33:29,521 INFO [org.springframework.beans.factory.xml.XmlBeanDefinitionReader] - Loading XML bean definitions from class path resource [spring-context-druid.xml]
2019-10-24 16:33:29,579 INFO [org.springframework.beans.factory.xml.XmlBeanDefinitionReader] - Loading XML bean definitions from class path resource [spring-context-mybatis.xml]
2019-10-24 16:33:29,605 INFO [org.springframework.context.support.GenericApplicationContext] - Refreshing org.springframework.context.support.GenericApplicationContext@20322d26: startup date [Thu Oct 24 16:33:29 CST 2019]; root of context hierarchy
2019-10-24 16:33:30,596 INFO [com.alibaba.druid.pool.DruidDataSource] - {dataSource-1} inited
2019-10-24 16:33:30,975 INFO [org.springframework.context.support.GenericApplicationContext] - Closing org.springframework.context.support.GenericApplicationContext@20322d26: startup date [Thu Oct 24 16:33:29 CST 2019]; root of context hierarchy
2019-10-24 16:33:30,978 INFO [com.alibaba.druid.pool.DruidDataSource] - {dataSource-1} closed
